{
  "C:\\Users\\igor\\Desktop\\OTUS\\FullStackDeveloper\\WorkDir\\JavaScript-Basic\\otus-js-basic-advanced-typing\\src\\calendar\\CalendarClass.ts": {
    "path": "C:\\Users\\igor\\Desktop\\OTUS\\FullStackDeveloper\\WorkDir\\JavaScript-Basic\\otus-js-basic-advanced-typing\\src\\calendar\\CalendarClass.ts",
    "statementMap": {
      "0": {
        "start": { "line": 8, "column": 4 },
        "end": { "line": 8, "column": 21 }
      },
      "1": {
        "start": { "line": 12, "column": 4 },
        "end": { "line": 33, "column": 7 }
      },
      "2": {
        "start": { "line": 14, "column": 18 },
        "end": { "line": 14, "column": 47 }
      },
      "3": {
        "start": { "line": 16, "column": 6 },
        "end": { "line": 30, "column": 7 }
      },
      "4": {
        "start": { "line": 17, "column": 8 },
        "end": { "line": 17, "column": 39 }
      },
      "5": {
        "start": { "line": 19, "column": 8 },
        "end": { "line": 27, "column": 11 }
      },
      "6": {
        "start": { "line": 20, "column": 10 },
        "end": { "line": 26, "column": 12 }
      },
      "7": {
        "start": { "line": 29, "column": 8 },
        "end": { "line": 29, "column": 24 }
      },
      "8": {
        "start": { "line": 32, "column": 6 },
        "end": { "line": 32, "column": 26 }
      },
      "9": {
        "start": { "line": 40, "column": 4 },
        "end": { "line": 56, "column": 7 }
      },
      "10": {
        "start": { "line": 41, "column": 6 },
        "end": { "line": 43, "column": 7 }
      },
      "11": {
        "start": { "line": 42, "column": 8 },
        "end": { "line": 42, "column": 48 }
      },
      "12": {
        "start": { "line": 45, "column": 6 },
        "end": { "line": 55, "column": 7 }
      },
      "13": {
        "start": { "line": 46, "column": 8 },
        "end": { "line": 50, "column": 11 }
      },
      "14": {
        "start": { "line": 47, "column": 10 },
        "end": { "line": 49, "column": 11 }
      },
      "15": {
        "start": { "line": 48, "column": 12 },
        "end": { "line": 48, "column": 26 }
      },
      "16": {
        "start": { "line": 52, "column": 8 },
        "end": { "line": 52, "column": 33 }
      },
      "17": {
        "start": { "line": 54, "column": 8 },
        "end": { "line": 54, "column": 39 }
      },
      "18": {
        "start": { "line": 63, "column": 25 },
        "end": { "line": 85, "column": 3 }
      },
      "19": {
        "start": { "line": 64, "column": 4 },
        "end": { "line": 84, "column": 7 }
      },
      "20": {
        "start": { "line": 65, "column": 6 },
        "end": { "line": 83, "column": 7 }
      },
      "21": {
        "start": { "line": 66, "column": 25 },
        "end": { "line": 66, "column": 51 }
      },
      "22": {
        "start": { "line": 68, "column": 25 },
        "end": { "line": 74, "column": 9 }
      },
      "23": {
        "start": { "line": 76, "column": 8 },
        "end": { "line": 76, "column": 30 }
      },
      "24": {
        "start": { "line": 78, "column": 8 },
        "end": { "line": 78, "column": 66 }
      },
      "25": {
        "start": { "line": 80, "column": 8 },
        "end": { "line": 80, "column": 25 }
      },
      "26": {
        "start": { "line": 82, "column": 8 },
        "end": { "line": 82, "column": 31 }
      },
      "27": {
        "start": { "line": 88, "column": 4 },
        "end": { "line": 102, "column": 7 }
      },
      "28": {
        "start": { "line": 89, "column": 23 },
        "end": { "line": 89, "column": 49 }
      },
      "29": {
        "start": { "line": 91, "column": 6 },
        "end": { "line": 99, "column": 7 }
      },
      "30": {
        "start": { "line": 92, "column": 8 },
        "end": { "line": 96, "column": 11 }
      },
      "31": {
        "start": { "line": 93, "column": 10 },
        "end": { "line": 95, "column": 11 }
      },
      "32": {
        "start": { "line": 94, "column": 12 },
        "end": { "line": 94, "column": 26 }
      },
      "33": {
        "start": { "line": 98, "column": 8 },
        "end": { "line": 98, "column": 33 }
      },
      "34": {
        "start": { "line": 101, "column": 6 },
        "end": { "line": 101, "column": 31 }
      },
      "35": {
        "start": { "line": 112, "column": 4 },
        "end": { "line": 133, "column": 7 }
      },
      "36": {
        "start": { "line": 113, "column": 23 },
        "end": { "line": 113, "column": 49 }
      },
      "37": {
        "start": { "line": 115, "column": 6 },
        "end": { "line": 130, "column": 7 }
      },
      "38": {
        "start": { "line": 116, "column": 33 },
        "end": { "line": 116, "column": 75 }
      },
      "39": {
        "start": { "line": 118, "column": 8 },
        "end": { "line": 127, "column": 9 }
      },
      "40": {
        "start": { "line": 119, "column": 10 },
        "end": { "line": 119, "column": 27 }
      },
      "41": {
        "start": { "line": 120, "column": 10 },
        "end": { "line": 120, "column": 27 }
      },
      "42": {
        "start": { "line": 121, "column": 10 },
        "end": { "line": 121, "column": 27 }
      },
      "43": {
        "start": { "line": 122, "column": 10 },
        "end": { "line": 122, "column": 31 }
      },
      "44": {
        "start": { "line": 124, "column": 10 },
        "end": { "line": 124, "column": 68 }
      },
      "45": {
        "start": { "line": 126, "column": 10 },
        "end": { "line": 126, "column": 24 }
      },
      "46": {
        "start": { "line": 129, "column": 8 },
        "end": { "line": 129, "column": 33 }
      },
      "47": {
        "start": { "line": 132, "column": 6 },
        "end": { "line": 132, "column": 31 }
      },
      "48": {
        "start": { "line": 137, "column": 4 },
        "end": { "line": 154, "column": 7 }
      },
      "49": {
        "start": { "line": 138, "column": 32 },
        "end": { "line": 138, "column": 58 }
      },
      "50": {
        "start": { "line": 140, "column": 6 },
        "end": { "line": 151, "column": 7 }
      },
      "51": {
        "start": { "line": 141, "column": 35 },
        "end": { "line": 141, "column": 77 }
      },
      "52": {
        "start": { "line": 143, "column": 8 },
        "end": { "line": 148, "column": 9 }
      },
      "53": {
        "start": { "line": 144, "column": 10 },
        "end": { "line": 144, "column": 57 }
      },
      "54": {
        "start": { "line": 145, "column": 10 },
        "end": { "line": 145, "column": 68 }
      },
      "55": {
        "start": { "line": 147, "column": 10 },
        "end": { "line": 147, "column": 26 }
      },
      "56": {
        "start": { "line": 150, "column": 8 },
        "end": { "line": 150, "column": 33 }
      },
      "57": {
        "start": { "line": 153, "column": 6 },
        "end": { "line": 153, "column": 31 }
      },
      "58": {
        "start": { "line": 158, "column": 21 },
        "end": { "line": 158, "column": 39 }
      },
      "59": {
        "start": { "line": 159, "column": 17 },
        "end": { "line": 159, "column": 29 }
      },
      "60": {
        "start": { "line": 160, "column": 17 },
        "end": { "line": 160, "column": 29 }
      },
      "61": {
        "start": { "line": 161, "column": 17 },
        "end": { "line": 161, "column": 29 }
      },
      "62": {
        "start": { "line": 162, "column": 19 },
        "end": { "line": 162, "column": 33 }
      },
      "63": {
        "start": { "line": 164, "column": 4 },
        "end": { "line": 206, "column": 7 }
      },
      "64": {
        "start": { "line": 165, "column": 6 },
        "end": { "line": 167, "column": 7 }
      },
      "65": {
        "start": { "line": 166, "column": 8 },
        "end": { "line": 166, "column": 39 }
      },
      "66": {
        "start": { "line": 169, "column": 6 },
        "end": { "line": 205, "column": 7 }
      },
      "67": {
        "start": { "line": 170, "column": 8 },
        "end": { "line": 175, "column": 9 }
      },
      "68": {
        "start": { "line": 171, "column": 10 },
        "end": { "line": 174, "column": 13 }
      },
      "69": {
        "start": { "line": 172, "column": 12 },
        "end": { "line": 172, "column": 54 }
      },
      "70": {
        "start": { "line": 173, "column": 12 },
        "end": { "line": 173, "column": 67 }
      },
      "71": {
        "start": { "line": 177, "column": 8 },
        "end": { "line": 181, "column": 9 }
      },
      "72": {
        "start": { "line": 178, "column": 10 },
        "end": { "line": 180, "column": 13 }
      },
      "73": {
        "start": { "line": 179, "column": 12 },
        "end": { "line": 179, "column": 72 }
      },
      "74": {
        "start": { "line": 183, "column": 8 },
        "end": { "line": 194, "column": 9 }
      },
      "75": {
        "start": { "line": 184, "column": 10 },
        "end": { "line": 193, "column": 13 }
      },
      "76": {
        "start": { "line": 185, "column": 12 },
        "end": { "line": 185, "column": 35 }
      },
      "77": {
        "start": { "line": 187, "column": 12 },
        "end": { "line": 191, "column": 13 }
      },
      "78": {
        "start": { "line": 188, "column": 14 },
        "end": { "line": 190, "column": 15 }
      },
      "79": {
        "start": { "line": 189, "column": 16 },
        "end": { "line": 189, "column": 28 }
      },
      "80": {
        "start": { "line": 192, "column": 12 },
        "end": { "line": 192, "column": 25 }
      },
      "81": {
        "start": { "line": 196, "column": 8 },
        "end": { "line": 200, "column": 9 }
      },
      "82": {
        "start": { "line": 197, "column": 10 },
        "end": { "line": 199, "column": 13 }
      },
      "83": {
        "start": { "line": 198, "column": 12 },
        "end": { "line": 198, "column": 42 }
      },
      "84": {
        "start": { "line": 202, "column": 8 },
        "end": { "line": 202, "column": 28 }
      },
      "85": {
        "start": { "line": 204, "column": 8 },
        "end": { "line": 204, "column": 29 }
      }
    },
    "fnMap": {
      "0": {
        "name": "(anonymous_0)",
        "decl": {
          "start": { "line": 7, "column": 2 },
          "end": { "line": 7, "column": 3 }
        },
        "loc": {
          "start": { "line": 7, "column": 28 },
          "end": { "line": 9, "column": 3 }
        },
        "line": 7
      },
      "1": {
        "name": "(anonymous_1)",
        "decl": {
          "start": { "line": 11, "column": 2 },
          "end": { "line": 11, "column": 3 }
        },
        "loc": {
          "start": { "line": 11, "column": 42 },
          "end": { "line": 34, "column": 3 }
        },
        "line": 11
      },
      "2": {
        "name": "(anonymous_2)",
        "decl": {
          "start": { "line": 12, "column": 23 },
          "end": { "line": 12, "column": 24 }
        },
        "loc": {
          "start": { "line": 12, "column": 44 },
          "end": { "line": 33, "column": 5 }
        },
        "line": 12
      },
      "3": {
        "name": "(anonymous_3)",
        "decl": {
          "start": { "line": 19, "column": 36 },
          "end": { "line": 19, "column": 37 }
        },
        "loc": {
          "start": { "line": 19, "column": 46 },
          "end": { "line": 27, "column": 9 }
        },
        "line": 19
      },
      "4": {
        "name": "(anonymous_4)",
        "decl": {
          "start": { "line": 36, "column": 2 },
          "end": { "line": 36, "column": 3 }
        },
        "loc": {
          "start": { "line": 39, "column": 27 },
          "end": { "line": 57, "column": 3 }
        },
        "line": 39
      },
      "5": {
        "name": "(anonymous_5)",
        "decl": {
          "start": { "line": 40, "column": 23 },
          "end": { "line": 40, "column": 24 }
        },
        "loc": {
          "start": { "line": 40, "column": 50 },
          "end": { "line": 56, "column": 5 }
        },
        "line": 40
      },
      "6": {
        "name": "(anonymous_6)",
        "decl": {
          "start": { "line": 46, "column": 27 },
          "end": { "line": 46, "column": 28 }
        },
        "loc": {
          "start": { "line": 46, "column": 37 },
          "end": { "line": 50, "column": 9 }
        },
        "line": 46
      },
      "7": {
        "name": "(anonymous_7)",
        "decl": {
          "start": { "line": 63, "column": 25 },
          "end": { "line": 63, "column": 26 }
        },
        "loc": {
          "start": { "line": 63, "column": 53 },
          "end": { "line": 85, "column": 3 }
        },
        "line": 63
      },
      "8": {
        "name": "(anonymous_8)",
        "decl": {
          "start": { "line": 64, "column": 23 },
          "end": { "line": 64, "column": 24 }
        },
        "loc": {
          "start": { "line": 64, "column": 50 },
          "end": { "line": 84, "column": 5 }
        },
        "line": 64
      },
      "9": {
        "name": "(anonymous_9)",
        "decl": {
          "start": { "line": 87, "column": 2 },
          "end": { "line": 87, "column": 3 }
        },
        "loc": {
          "start": { "line": 87, "column": 56 },
          "end": { "line": 103, "column": 3 }
        },
        "line": 87
      },
      "10": {
        "name": "(anonymous_10)",
        "decl": {
          "start": { "line": 88, "column": 23 },
          "end": { "line": 88, "column": 24 }
        },
        "loc": {
          "start": { "line": 88, "column": 50 },
          "end": { "line": 102, "column": 5 }
        },
        "line": 88
      },
      "11": {
        "name": "(anonymous_11)",
        "decl": {
          "start": { "line": 92, "column": 27 },
          "end": { "line": 92, "column": 28 }
        },
        "loc": {
          "start": { "line": 92, "column": 37 },
          "end": { "line": 96, "column": 9 }
        },
        "line": 92
      },
      "12": {
        "name": "(anonymous_12)",
        "decl": {
          "start": { "line": 105, "column": 2 },
          "end": { "line": 105, "column": 3 }
        },
        "loc": {
          "start": { "line": 111, "column": 27 },
          "end": { "line": 134, "column": 3 }
        },
        "line": 111
      },
      "13": {
        "name": "(anonymous_13)",
        "decl": {
          "start": { "line": 112, "column": 23 },
          "end": { "line": 112, "column": 24 }
        },
        "loc": {
          "start": { "line": 112, "column": 50 },
          "end": { "line": 133, "column": 5 }
        },
        "line": 112
      },
      "14": {
        "name": "(anonymous_14)",
        "decl": {
          "start": { "line": 136, "column": 2 },
          "end": { "line": 136, "column": 3 }
        },
        "loc": {
          "start": { "line": 136, "column": 59 },
          "end": { "line": 155, "column": 3 }
        },
        "line": 136
      },
      "15": {
        "name": "(anonymous_15)",
        "decl": {
          "start": { "line": 137, "column": 23 },
          "end": { "line": 137, "column": 24 }
        },
        "loc": {
          "start": { "line": 137, "column": 50 },
          "end": { "line": 154, "column": 5 }
        },
        "line": 137
      },
      "16": {
        "name": "(anonymous_16)",
        "decl": {
          "start": { "line": 157, "column": 2 },
          "end": { "line": 157, "column": 3 }
        },
        "loc": {
          "start": { "line": 157, "column": 56 },
          "end": { "line": 207, "column": 3 }
        },
        "line": 157
      },
      "17": {
        "name": "(anonymous_17)",
        "decl": {
          "start": { "line": 164, "column": 23 },
          "end": { "line": 164, "column": 24 }
        },
        "loc": {
          "start": { "line": 164, "column": 50 },
          "end": { "line": 206, "column": 5 }
        },
        "line": 164
      },
      "18": {
        "name": "(anonymous_18)",
        "decl": {
          "start": { "line": 171, "column": 41 },
          "end": { "line": 171, "column": 42 }
        },
        "loc": {
          "start": { "line": 171, "column": 51 },
          "end": { "line": 174, "column": 11 }
        },
        "line": 171
      },
      "19": {
        "name": "(anonymous_19)",
        "decl": {
          "start": { "line": 178, "column": 41 },
          "end": { "line": 178, "column": 42 }
        },
        "loc": {
          "start": { "line": 178, "column": 51 },
          "end": { "line": 180, "column": 11 }
        },
        "line": 178
      },
      "20": {
        "name": "(anonymous_20)",
        "decl": {
          "start": { "line": 184, "column": 41 },
          "end": { "line": 184, "column": 42 }
        },
        "loc": {
          "start": { "line": 184, "column": 51 },
          "end": { "line": 193, "column": 11 }
        },
        "line": 184
      },
      "21": {
        "name": "(anonymous_21)",
        "decl": {
          "start": { "line": 197, "column": 41 },
          "end": { "line": 197, "column": 42 }
        },
        "loc": {
          "start": { "line": 197, "column": 51 },
          "end": { "line": 199, "column": 11 }
        },
        "line": 197
      }
    },
    "branchMap": {
      "0": {
        "loc": {
          "start": { "line": 16, "column": 6 },
          "end": { "line": 30, "column": 7 }
        },
        "type": "if",
        "locations": [
          {
            "start": { "line": 16, "column": 6 },
            "end": { "line": 30, "column": 7 }
          },
          {
            "start": { "line": 28, "column": 13 },
            "end": { "line": 30, "column": 7 }
          }
        ],
        "line": 16
      },
      "1": {
        "loc": {
          "start": { "line": 16, "column": 10 },
          "end": { "line": 16, "column": 44 }
        },
        "type": "binary-expr",
        "locations": [
          {
            "start": { "line": 16, "column": 10 },
            "end": { "line": 16, "column": 15 }
          },
          {
            "start": { "line": 16, "column": 19 },
            "end": { "line": 16, "column": 44 }
          }
        ],
        "line": 16
      },
      "2": {
        "loc": {
          "start": { "line": 41, "column": 6 },
          "end": { "line": 43, "column": 7 }
        },
        "type": "if",
        "locations": [
          {
            "start": { "line": 41, "column": 6 },
            "end": { "line": 43, "column": 7 }
          },
          { "start": {}, "end": {} }
        ],
        "line": 41
      },
      "3": {
        "loc": {
          "start": { "line": 45, "column": 6 },
          "end": { "line": 55, "column": 7 }
        },
        "type": "if",
        "locations": [
          {
            "start": { "line": 45, "column": 6 },
            "end": { "line": 55, "column": 7 }
          },
          {
            "start": { "line": 53, "column": 13 },
            "end": { "line": 55, "column": 7 }
          }
        ],
        "line": 45
      },
      "4": {
        "loc": {
          "start": { "line": 47, "column": 10 },
          "end": { "line": 49, "column": 11 }
        },
        "type": "if",
        "locations": [
          {
            "start": { "line": 47, "column": 10 },
            "end": { "line": 49, "column": 11 }
          },
          { "start": {}, "end": {} }
        ],
        "line": 47
      },
      "5": {
        "loc": {
          "start": { "line": 91, "column": 6 },
          "end": { "line": 99, "column": 7 }
        },
        "type": "if",
        "locations": [
          {
            "start": { "line": 91, "column": 6 },
            "end": { "line": 99, "column": 7 }
          },
          { "start": {}, "end": {} }
        ],
        "line": 91
      },
      "6": {
        "loc": {
          "start": { "line": 93, "column": 10 },
          "end": { "line": 95, "column": 11 }
        },
        "type": "if",
        "locations": [
          {
            "start": { "line": 93, "column": 10 },
            "end": { "line": 95, "column": 11 }
          },
          { "start": {}, "end": {} }
        ],
        "line": 93
      },
      "7": {
        "loc": {
          "start": { "line": 115, "column": 6 },
          "end": { "line": 130, "column": 7 }
        },
        "type": "if",
        "locations": [
          {
            "start": { "line": 115, "column": 6 },
            "end": { "line": 130, "column": 7 }
          },
          { "start": {}, "end": {} }
        ],
        "line": 115
      },
      "8": {
        "loc": {
          "start": { "line": 118, "column": 8 },
          "end": { "line": 127, "column": 9 }
        },
        "type": "if",
        "locations": [
          {
            "start": { "line": 118, "column": 8 },
            "end": { "line": 127, "column": 9 }
          },
          { "start": {}, "end": {} }
        ],
        "line": 118
      },
      "9": {
        "loc": {
          "start": { "line": 140, "column": 6 },
          "end": { "line": 151, "column": 7 }
        },
        "type": "if",
        "locations": [
          {
            "start": { "line": 140, "column": 6 },
            "end": { "line": 151, "column": 7 }
          },
          { "start": {}, "end": {} }
        ],
        "line": 140
      },
      "10": {
        "loc": {
          "start": { "line": 143, "column": 8 },
          "end": { "line": 148, "column": 9 }
        },
        "type": "if",
        "locations": [
          {
            "start": { "line": 143, "column": 8 },
            "end": { "line": 148, "column": 9 }
          },
          { "start": {}, "end": {} }
        ],
        "line": 143
      },
      "11": {
        "loc": {
          "start": { "line": 165, "column": 6 },
          "end": { "line": 167, "column": 7 }
        },
        "type": "if",
        "locations": [
          {
            "start": { "line": 165, "column": 6 },
            "end": { "line": 167, "column": 7 }
          },
          { "start": {}, "end": {} }
        ],
        "line": 165
      },
      "12": {
        "loc": {
          "start": { "line": 170, "column": 8 },
          "end": { "line": 175, "column": 9 }
        },
        "type": "if",
        "locations": [
          {
            "start": { "line": 170, "column": 8 },
            "end": { "line": 175, "column": 9 }
          },
          { "start": {}, "end": {} }
        ],
        "line": 170
      },
      "13": {
        "loc": {
          "start": { "line": 177, "column": 8 },
          "end": { "line": 181, "column": 9 }
        },
        "type": "if",
        "locations": [
          {
            "start": { "line": 177, "column": 8 },
            "end": { "line": 181, "column": 9 }
          },
          { "start": {}, "end": {} }
        ],
        "line": 177
      },
      "14": {
        "loc": {
          "start": { "line": 183, "column": 8 },
          "end": { "line": 194, "column": 9 }
        },
        "type": "if",
        "locations": [
          {
            "start": { "line": 183, "column": 8 },
            "end": { "line": 194, "column": 9 }
          },
          { "start": {}, "end": {} }
        ],
        "line": 183
      },
      "15": {
        "loc": {
          "start": { "line": 188, "column": 14 },
          "end": { "line": 190, "column": 15 }
        },
        "type": "if",
        "locations": [
          {
            "start": { "line": 188, "column": 14 },
            "end": { "line": 190, "column": 15 }
          },
          { "start": {}, "end": {} }
        ],
        "line": 188
      },
      "16": {
        "loc": {
          "start": { "line": 196, "column": 8 },
          "end": { "line": 200, "column": 9 }
        },
        "type": "if",
        "locations": [
          {
            "start": { "line": 196, "column": 8 },
            "end": { "line": 200, "column": 9 }
          },
          { "start": {}, "end": {} }
        ],
        "line": 196
      }
    },
    "s": {
      "0": 1,
      "1": 15,
      "2": 15,
      "3": 15,
      "4": 15,
      "5": 15,
      "6": 17,
      "7": 0,
      "8": 15,
      "9": 3,
      "10": 3,
      "11": 0,
      "12": 3,
      "13": 3,
      "14": 5,
      "15": 3,
      "16": 3,
      "17": 0,
      "18": 1,
      "19": 7,
      "20": 7,
      "21": 7,
      "22": 7,
      "23": 7,
      "24": 7,
      "25": 7,
      "26": 0,
      "27": 3,
      "28": 3,
      "29": 3,
      "30": 3,
      "31": 3,
      "32": 3,
      "33": 3,
      "34": 3,
      "35": 2,
      "36": 2,
      "37": 2,
      "38": 2,
      "39": 2,
      "40": 2,
      "41": 2,
      "42": 2,
      "43": 2,
      "44": 2,
      "45": 2,
      "46": 2,
      "47": 2,
      "48": 1,
      "49": 1,
      "50": 1,
      "51": 1,
      "52": 1,
      "53": 1,
      "54": 1,
      "55": 1,
      "56": 1,
      "57": 1,
      "58": 4,
      "59": 4,
      "60": 4,
      "61": 4,
      "62": 4,
      "63": 4,
      "64": 4,
      "65": 0,
      "66": 4,
      "67": 4,
      "68": 1,
      "69": 3,
      "70": 3,
      "71": 4,
      "72": 1,
      "73": 3,
      "74": 4,
      "75": 1,
      "76": 3,
      "77": 3,
      "78": 3,
      "79": 1,
      "80": 2,
      "81": 4,
      "82": 1,
      "83": 3,
      "84": 4,
      "85": 0
    },
    "f": {
      "0": 1,
      "1": 15,
      "2": 15,
      "3": 17,
      "4": 3,
      "5": 3,
      "6": 5,
      "7": 7,
      "8": 7,
      "9": 3,
      "10": 3,
      "11": 3,
      "12": 2,
      "13": 2,
      "14": 1,
      "15": 1,
      "16": 4,
      "17": 4,
      "18": 3,
      "19": 3,
      "20": 3,
      "21": 3
    },
    "b": {
      "0": [15, 0],
      "1": [15, 15],
      "2": [0, 3],
      "3": [3, 0],
      "4": [3, 2],
      "5": [3, 0],
      "6": [3, 0],
      "7": [2, 0],
      "8": [2, 0],
      "9": [1, 0],
      "10": [1, 0],
      "11": [0, 4],
      "12": [1, 3],
      "13": [1, 3],
      "14": [1, 3],
      "15": [1, 2],
      "16": [1, 3]
    },
    "_coverageSchema": "1a1c01bbd47fc00a2c39e90264f33305004495a9",
    "hash": "b10957ef019b429c388eaf54014cfc4582c7f531"
  },
  "C:\\Users\\igor\\Desktop\\OTUS\\FullStackDeveloper\\WorkDir\\JavaScript-Basic\\otus-js-basic-advanced-typing\\src\\calendar\\TaskClass.ts": {
    "path": "C:\\Users\\igor\\Desktop\\OTUS\\FullStackDeveloper\\WorkDir\\JavaScript-Basic\\otus-js-basic-advanced-typing\\src\\calendar\\TaskClass.ts",
    "statementMap": {
      "0": {
        "start": { "line": 17, "column": 4 },
        "end": { "line": 17, "column": 17 }
      },
      "1": {
        "start": { "line": 18, "column": 4 },
        "end": { "line": 18, "column": 21 }
      },
      "2": {
        "start": { "line": 19, "column": 4 },
        "end": { "line": 19, "column": 21 }
      },
      "3": {
        "start": { "line": 20, "column": 4 },
        "end": { "line": 20, "column": 25 }
      },
      "4": {
        "start": { "line": 21, "column": 4 },
        "end": { "line": 21, "column": 21 }
      },
      "5": {
        "start": { "line": 22, "column": 4 },
        "end": { "line": 22, "column": 29 }
      }
    },
    "fnMap": {
      "0": {
        "name": "(anonymous_0)",
        "decl": {
          "start": { "line": 10, "column": 2 },
          "end": { "line": 10, "column": 3 }
        },
        "loc": {
          "start": { "line": 16, "column": 4 },
          "end": { "line": 23, "column": 3 }
        },
        "line": 16
      }
    },
    "branchMap": {},
    "s": { "0": 24, "1": 24, "2": 24, "3": 24, "4": 24, "5": 24 },
    "f": { "0": 24 },
    "b": {},
    "_coverageSchema": "1a1c01bbd47fc00a2c39e90264f33305004495a9",
    "hash": "78584cabf6807972d1de43de2ae52f36a10c1797"
  }
}
