TN:
SF:src\calendar\CalendarClass.ts
FN:8,(anonymous_0)
FN:12,(anonymous_1)
FN:13,(anonymous_2)
FN:20,(anonymous_3)
FN:33,(anonymous_4)
FN:34,(anonymous_5)
FN:40,(anonymous_6)
FN:55,(anonymous_7)
FN:56,(anonymous_8)
FN:75,(anonymous_9)
FN:76,(anonymous_10)
FN:80,(anonymous_11)
FN:94,(anonymous_12)
FN:95,(anonymous_13)
FN:119,(anonymous_14)
FN:120,(anonymous_15)
FN:140,(anonymous_16)
FN:147,(anonymous_17)
FN:154,(anonymous_18)
FN:161,(anonymous_19)
FN:167,(anonymous_20)
FN:180,(anonymous_21)
FNF:22
FNH:22
FNDA:1,(anonymous_0)
FNDA:15,(anonymous_1)
FNDA:15,(anonymous_2)
FNDA:17,(anonymous_3)
FNDA:3,(anonymous_4)
FNDA:3,(anonymous_5)
FNDA:5,(anonymous_6)
FNDA:7,(anonymous_7)
FNDA:7,(anonymous_8)
FNDA:3,(anonymous_9)
FNDA:3,(anonymous_10)
FNDA:3,(anonymous_11)
FNDA:2,(anonymous_12)
FNDA:2,(anonymous_13)
FNDA:1,(anonymous_14)
FNDA:1,(anonymous_15)
FNDA:4,(anonymous_16)
FNDA:4,(anonymous_17)
FNDA:3,(anonymous_18)
FNDA:3,(anonymous_19)
FNDA:3,(anonymous_20)
FNDA:3,(anonymous_21)
DA:9,1
DA:13,15
DA:15,15
DA:17,15
DA:18,15
DA:20,15
DA:21,17
DA:26,0
DA:29,15
DA:34,3
DA:35,3
DA:36,0
DA:39,3
DA:40,3
DA:41,5
DA:42,3
DA:46,3
DA:50,0
DA:55,1
DA:56,7
DA:57,7
DA:58,7
DA:60,7
DA:62,7
DA:64,7
DA:66,7
DA:70,0
DA:76,3
DA:77,3
DA:79,3
DA:80,3
DA:81,3
DA:82,3
DA:86,3
DA:90,3
DA:95,2
DA:96,2
DA:98,2
DA:99,2
DA:101,2
DA:102,2
DA:103,2
DA:104,2
DA:105,2
DA:107,2
DA:109,2
DA:112,2
DA:115,2
DA:120,1
DA:121,1
DA:123,1
DA:124,1
DA:126,1
DA:127,1
DA:128,1
DA:130,1
DA:133,1
DA:136,1
DA:141,4
DA:142,4
DA:143,4
DA:144,4
DA:145,4
DA:147,4
DA:148,4
DA:149,0
DA:152,4
DA:153,4
DA:154,1
DA:155,3
DA:156,3
DA:160,4
DA:161,1
DA:162,3
DA:166,4
DA:167,1
DA:168,3
DA:170,3
DA:171,3
DA:172,1
DA:175,2
DA:179,4
DA:180,1
DA:181,3
DA:185,4
DA:189,0
LF:86
LH:80
BRDA:17,0,0,15
BRDA:17,0,1,0
BRDA:17,1,0,15
BRDA:17,1,1,15
BRDA:35,2,0,0
BRDA:35,2,1,3
BRDA:39,3,0,3
BRDA:39,3,1,0
BRDA:41,4,0,3
BRDA:41,4,1,2
BRDA:79,5,0,3
BRDA:79,5,1,0
BRDA:81,6,0,3
BRDA:81,6,1,0
BRDA:98,7,0,2
BRDA:98,7,1,0
BRDA:101,8,0,2
BRDA:101,8,1,0
BRDA:123,9,0,1
BRDA:123,9,1,0
BRDA:126,10,0,1
BRDA:126,10,1,0
BRDA:148,11,0,0
BRDA:148,11,1,4
BRDA:153,12,0,1
BRDA:153,12,1,3
BRDA:160,13,0,1
BRDA:160,13,1,3
BRDA:166,14,0,1
BRDA:166,14,1,3
BRDA:171,15,0,1
BRDA:171,15,1,2
BRDA:179,16,0,1
BRDA:179,16,1,3
BRF:34
BRH:24
end_of_record
TN:
SF:src\calendar\TaskClass.ts
FN:11,(anonymous_0)
FNF:1
FNH:1
FNDA:24,(anonymous_0)
DA:13,24
DA:14,24
DA:15,24
DA:16,24
DA:17,24
DA:18,24
LF:6
LH:6
BRF:0
BRH:0
end_of_record
