TN:
SF:src\calendar\CalendarClass.ts
FN:7,(anonymous_0)
FN:11,(anonymous_1)
FN:12,(anonymous_2)
FN:19,(anonymous_3)
FN:36,(anonymous_4)
FN:40,(anonymous_5)
FN:46,(anonymous_6)
FN:63,(anonymous_7)
FN:64,(anonymous_8)
FN:87,(anonymous_9)
FN:88,(anonymous_10)
FN:92,(anonymous_11)
FN:105,(anonymous_12)
FN:109,(anonymous_13)
FN:133,(anonymous_14)
FN:134,(anonymous_15)
FN:154,(anonymous_16)
FN:157,(anonymous_17)
FN:165,(anonymous_18)
FN:172,(anonymous_19)
FN:178,(anonymous_20)
FN:191,(anonymous_21)
FNF:22
FNH:22
FNDA:1,(anonymous_0)
FNDA:19,(anonymous_1)
FNDA:19,(anonymous_2)
FNDA:29,(anonymous_3)
FNDA:3,(anonymous_4)
FNDA:3,(anonymous_5)
FNDA:5,(anonymous_6)
FNDA:7,(anonymous_7)
FNDA:7,(anonymous_8)
FNDA:3,(anonymous_9)
FNDA:3,(anonymous_10)
FNDA:3,(anonymous_11)
FNDA:2,(anonymous_12)
FNDA:2,(anonymous_13)
FNDA:1,(anonymous_14)
FNDA:1,(anonymous_15)
FNDA:4,(anonymous_16)
FNDA:4,(anonymous_17)
FNDA:3,(anonymous_18)
FNDA:3,(anonymous_19)
FNDA:3,(anonymous_20)
FNDA:3,(anonymous_21)
DA:8,1
DA:12,19
DA:14,19
DA:16,19
DA:17,19
DA:19,19
DA:20,29
DA:29,0
DA:32,19
DA:40,3
DA:41,3
DA:42,0
DA:45,3
DA:46,3
DA:47,5
DA:48,3
DA:52,3
DA:54,0
DA:63,1
DA:64,7
DA:65,7
DA:66,7
DA:68,7
DA:76,7
DA:78,7
DA:80,7
DA:82,0
DA:88,3
DA:89,3
DA:91,3
DA:92,3
DA:93,3
DA:94,3
DA:98,3
DA:101,3
DA:109,2
DA:110,2
DA:112,2
DA:113,2
DA:115,2
DA:116,2
DA:117,2
DA:118,2
DA:119,2
DA:121,2
DA:123,2
DA:126,2
DA:129,2
DA:134,1
DA:135,1
DA:137,1
DA:138,1
DA:140,1
DA:141,1
DA:142,1
DA:144,1
DA:147,1
DA:150,1
DA:155,4
DA:157,4
DA:158,4
DA:159,4
DA:160,0
DA:163,4
DA:164,4
DA:165,1
DA:166,3
DA:167,3
DA:171,4
DA:172,1
DA:173,3
DA:177,4
DA:178,1
DA:179,3
DA:181,3
DA:182,3
DA:183,1
DA:186,2
DA:190,4
DA:191,1
DA:192,3
DA:196,4
DA:198,0
LF:83
LH:77
BRDA:16,0,0,19
BRDA:16,0,1,0
BRDA:16,1,0,19
BRDA:16,1,1,19
BRDA:41,2,0,0
BRDA:41,2,1,3
BRDA:45,3,0,3
BRDA:45,3,1,0
BRDA:47,4,0,3
BRDA:47,4,1,2
BRDA:91,5,0,3
BRDA:91,5,1,0
BRDA:93,6,0,3
BRDA:93,6,1,0
BRDA:112,7,0,2
BRDA:112,7,1,0
BRDA:115,8,0,2
BRDA:115,8,1,0
BRDA:137,9,0,1
BRDA:137,9,1,0
BRDA:140,10,0,1
BRDA:140,10,1,0
BRDA:159,11,0,0
BRDA:159,11,1,4
BRDA:164,12,0,1
BRDA:164,12,1,3
BRDA:171,13,0,1
BRDA:171,13,1,3
BRDA:177,14,0,1
BRDA:177,14,1,3
BRDA:182,15,0,1
BRDA:182,15,1,2
BRDA:190,16,0,1
BRDA:190,16,1,3
BRF:34
BRH:24
end_of_record
TN:
SF:src\calendar\TaskClass.ts
FN:10,(anonymous_0)
FNF:1
FNH:1
FNDA:36,(anonymous_0)
DA:17,36
DA:18,36
DA:19,36
DA:20,36
DA:21,36
DA:22,36
LF:6
LH:6
BRF:0
BRH:0
end_of_record
